[2022-06-18 15:08:19] local.ERROR: could not find driver (SQL: select count(*) as aggregate from `users` where `email` = dvhoang1608hy@gmail.com and `id` <> dvhoang1608hy@gmail.com) {"exception":"[object] (Illuminate\\Database\\QueryException(code: 0): could not find driver (SQL: select count(*) as aggregate from `users` where `email` = dvhoang1608hy@gmail.com and `id` <> dvhoang1608hy@gmail.com) at C:\\Users\\Admin\\Desktop\\facebook\\facebook\\vendor\\laravel\\framework\\src\\Illuminate\\Database\\Connection.php:742)
[stacktrace]
#0 C:\\Users\\Admin\\Desktop\\facebook\\facebook\\vendor\\laravel\\framework\\src\\Illuminate\\Database\\Connection.php(702): Illuminate\\Database\\Connection->runQueryCallback()
#1 C:\\Users\\Admin\\Desktop\\facebook\\facebook\\vendor\\laravel\\framework\\src\\Illuminate\\Database\\Connection.php(404): Illuminate\\Database\\Connection->run()
#2 C:\\Users\\Admin\\Desktop\\facebook\\facebook\\vendor\\laravel\\framework\\src\\Illuminate\\Database\\Query\\Builder.php(2630): Illuminate\\Database\\Connection->select()
#3 C:\\Users\\Admin\\Desktop\\facebook\\facebook\\vendor\\laravel\\framework\\src\\Illuminate\\Database\\Query\\Builder.php(2618): Illuminate\\Database\\Query\\Builder->runSelect()
#4 C:\\Users\\Admin\\Desktop\\facebook\\facebook\\vendor\\laravel\\framework\\src\\Illuminate\\Database\\Query\\Builder.php(3152): Illuminate\\Database\\Query\\Builder->Illuminate\\Database\\Query\\{closure}()
#5 C:\\Users\\Admin\\Desktop\\facebook\\facebook\\vendor\\laravel\\framework\\src\\Illuminate\\Database\\Query\\Builder.php(2619): Illuminate\\Database\\Query\\Builder->onceWithColumns()
#6 C:\\Users\\Admin\\Desktop\\facebook\\facebook\\vendor\\laravel\\framework\\src\\Illuminate\\Database\\Query\\Builder.php(3079): Illuminate\\Database\\Query\\Builder->get()
#7 C:\\Users\\Admin\\Desktop\\facebook\\facebook\\vendor\\laravel\\framework\\src\\Illuminate\\Database\\Query\\Builder.php(3007): Illuminate\\Database\\Query\\Builder->aggregate()
#8 C:\\Users\\Admin\\Desktop\\facebook\\facebook\\vendor\\laravel\\framework\\src\\Illuminate\\Validation\\DatabasePresenceVerifier.php(54): Illuminate\\Database\\Query\\Builder->count()
#9 C:\\Users\\Admin\\Desktop\\facebook\\facebook\\vendor\\laravel\\framework\\src\\Illuminate\\Validation\\Concerns\\ValidatesAttributes.php(864): Illuminate\\Validation\\DatabasePresenceVerifier->getCount()
#10 C:\\Users\\Admin\\Desktop\\facebook\\facebook\\vendor\\laravel\\framework\\src\\Illuminate\\Validation\\Validator.php(609): Illuminate\\Validation\\Validator->validateUnique()
#11 C:\\Users\\Admin\\Desktop\\facebook\\facebook\\vendor\\laravel\\framework\\src\\Illuminate\\Validation\\Validator.php(415): Illuminate\\Validation\\Validator->validateAttribute()
#12 C:\\Users\\Admin\\Desktop\\facebook\\facebook\\vendor\\laravel\\framework\\src\\Illuminate\\Validation\\Validator.php(446): Illuminate\\Validation\\Validator->passes()
#13 C:\\Users\\Admin\\Desktop\\facebook\\facebook\\vendor\\laravel\\framework\\src\\Illuminate\\Validation\\Validator.php(488): Illuminate\\Validation\\Validator->fails()
#14 C:\\Users\\Admin\\Desktop\\facebook\\facebook\\vendor\\laravel\\framework\\src\\Illuminate\\Validation\\Factory.php(145): Illuminate\\Validation\\Validator->validate()
#15 C:\\Users\\Admin\\Desktop\\facebook\\facebook\\vendor\\laravel\\framework\\src\\Illuminate\\Foundation\\Providers\\FoundationServiceProvider.php(66): Illuminate\\Validation\\Factory->validate()
#16 C:\\Users\\Admin\\Desktop\\facebook\\facebook\\vendor\\laravel\\framework\\src\\Illuminate\\Macroable\\Traits\\Macroable.php(124): Illuminate\\Http\\Request->Illuminate\\Foundation\\Providers\\{closure}()
#17 C:\\Users\\Admin\\Desktop\\facebook\\facebook\\app\\Http\\Controllers\\AuthController.php(60): Illuminate\\Http\\Request->__call()
#18 C:\\Users\\Admin\\Desktop\\facebook\\facebook\\vendor\\laravel\\framework\\src\\Illuminate\\Routing\\Controller.php(54): App\\Http\\Controllers\\AuthController->register()
#19 C:\\Users\\Admin\\Desktop\\facebook\\facebook\\vendor\\laravel\\framework\\src\\Illuminate\\Routing\\ControllerDispatcher.php(45): Illuminate\\Routing\\Controller->callAction()
#20 C:\\Users\\Admin\\Desktop\\facebook\\facebook\\vendor\\laravel\\framework\\src\\Illuminate\\Routing\\Route.php(261): Illuminate\\Routing\\ControllerDispatcher->dispatch()
#21 C:\\Users\\Admin\\Desktop\\facebook\\facebook\\vendor\\laravel\\framework\\src\\Illuminate\\Routing\\Route.php(204): Illuminate\\Routing\\Route->runController()
#22 C:\\Users\\Admin\\Desktop\\facebook\\facebook\\vendor\\laravel\\framework\\src\\Illuminate\\Routing\\Router.php(725): Illuminate\\Routing\\Route->run()
#23 C:\\Users\\Admin\\Desktop\\facebook\\facebook\\vendor\\laravel\\framework\\src\\Illuminate\\Pipeline\\Pipeline.php(141): Illuminate\\Routing\\Router->Illuminate\\Routing\\{closure}()
#24 C:\\Users\\Admin\\Desktop\\facebook\\facebook\\vendor\\laravel\\framework\\src\\Illuminate\\Routing\\Middleware\\SubstituteBindings.php(50): Illuminate\\Pipeline\\Pipeline->Illuminate\\Pipeline\\{closure}()
#25 C:\\Users\\Admin\\Desktop\\facebook\\facebook\\vendor\\laravel\\framework\\src\\Illuminate\\Pipeline\\Pipeline.php(180): Illuminate\\Routing\\Middleware\\SubstituteBindings->handle()
#26 C:\\Users\\Admin\\Desktop\\facebook\\facebook\\vendor\\laravel\\framework\\src\\Illuminate\\Routing\\Middleware\\ThrottleRequests.php(126): Illuminate\\Pipeline\\Pipeline->Illuminate\\Pipeline\\{closure}()
#27 C:\\Users\\Admin\\Desktop\\facebook\\facebook\\vendor\\laravel\\framework\\src\\Illuminate\\Routing\\Middleware\\ThrottleRequests.php(102): Illuminate\\Routing\\Middleware\\ThrottleRequests->handleRequest()
#28 C:\\Users\\Admin\\Desktop\\facebook\\facebook\\vendor\\laravel\\framework\\src\\Illuminate\\Routing\\Middleware\\ThrottleRequests.php(54): Illuminate\\Routing\\Middleware\\ThrottleRequests->handleRequestUsingNamedLimiter()
#29 C:\\Users\\Admin\\Desktop\\facebook\\facebook\\vendor\\laravel\\framework\\src\\Illuminate\\Pipeline\\Pipeline.php(180): Illuminate\\Routing\\Middleware\\ThrottleRequests->handle()
#30 C:\\Users\\Admin\\Desktop\\facebook\\facebook\\vendor\\laravel\\framework\\src\\Illuminate\\Pipeline\\Pipeline.php(116): Illuminate\\Pipeline\\Pipeline->Illuminate\\Pipeline\\{closure}()
#31 C:\\Users\\Admin\\Desktop\\facebook\\facebook\\vendor\\laravel\\framework\\src\\Illuminate\\Routing\\Router.php(726): Illuminate\\Pipeline\\Pipeline->then()
#32 C:\\Users\\Admin\\Desktop\\facebook\\facebook\\vendor\\laravel\\framework\\src\\Illuminate\\Routing\\Router.php(703): Illuminate\\Routing\\Router->runRouteWithinStack()
#33 C:\\Users\\Admin\\Desktop\\facebook\\facebook\\vendor\\laravel\\framework\\src\\Illuminate\\Routing\\Router.php(667): Illuminate\\Routing\\Router->runRoute()
#34 C:\\Users\\Admin\\Desktop\\facebook\\facebook\\vendor\\laravel\\framework\\src\\Illuminate\\Routing\\Router.php(656): Illuminate\\Routing\\Router->dispatchToRoute()
#35 C:\\Users\\Admin\\Desktop\\facebook\\facebook\\vendor\\laravel\\framework\\src\\Illuminate\\Foundation\\Http\\Kernel.php(167): Illuminate\\Routing\\Router->dispatch()
#36 C:\\Users\\Admin\\Desktop\\facebook\\facebook\\vendor\\laravel\\framework\\src\\Illuminate\\Pipeline\\Pipeline.php(141): Illuminate\\Foundation\\Http\\Kernel->Illuminate\\Foundation\\Http\\{closure}()
#37 C:\\Users\\Admin\\Desktop\\facebook\\facebook\\vendor\\laravel\\framework\\src\\Illuminate\\Foundation\\Http\\Middleware\\TransformsRequest.php(21): Illuminate\\Pipeline\\Pipeline->Illuminate\\Pipeline\\{closure}()
#38 C:\\Users\\Admin\\Desktop\\facebook\\facebook\\vendor\\laravel\\framework\\src\\Illuminate\\Foundation\\Http\\Middleware\\ConvertEmptyStringsToNull.php(31): Illuminate\\Foundation\\Http\\Middleware\\TransformsRequest->handle()
#39 C:\\Users\\Admin\\Desktop\\facebook\\facebook\\vendor\\laravel\\framework\\src\\Illuminate\\Pipeline\\Pipeline.php(180): Illuminate\\Foundation\\Http\\Middleware\\ConvertEmptyStringsToNull->handle()
#40 C:\\Users\\Admin\\Desktop\\facebook\\facebook\\vendor\\laravel\\framework\\src\\Illuminate\\Foundation\\Http\\Middleware\\TransformsRequest.php(21): Illuminate\\Pipeline\\Pipeline->Illuminate\\Pipeline\\{closure}()
#41 C:\\Users\\Admin\\Desktop\\facebook\\facebook\\vendor\\laravel\\framework\\src\\Illuminate\\Foundation\\Http\\Middleware\\TrimStrings.php(40): Illuminate\\Foundation\\Http\\Middleware\\TransformsRequest->handle()
#42 C:\\Users\\Admin\\Desktop\\facebook\\facebook\\vendor\\laravel\\framework\\src\\Illuminate\\Pipeline\\Pipeline.php(180): Illuminate\\Foundation\\Http\\Middleware\\TrimStrings->handle()
#43 C:\\Users\\Admin\\Desktop\\facebook\\facebook\\vendor\\laravel\\framework\\src\\Illuminate\\Foundation\\Http\\Middleware\\ValidatePostSize.php(27): Illuminate\\Pipeline\\Pipeline->Illuminate\\Pipeline\\{closure}()
#44 C:\\Users\\Admin\\Desktop\\facebook\\facebook\\vendor\\laravel\\framework\\src\\Illuminate\\Pipeline\\Pipeline.php(180): Illuminate\\Foundation\\Http\\Middleware\\ValidatePostSize->handle()
#45 C:\\Users\\Admin\\Desktop\\facebook\\facebook\\vendor\\laravel\\framework\\src\\Illuminate\\Foundation\\Http\\Middleware\\PreventRequestsDuringMaintenance.php(86): Illuminate\\Pipeline\\Pipeline->Illuminate\\Pipeline\\{closure}()
#46 C:\\Users\\Admin\\Desktop\\facebook\\facebook\\vendor\\laravel\\framework\\src\\Illuminate\\Pipeline\\Pipeline.php(180): Illuminate\\Foundation\\Http\\Middleware\\PreventRequestsDuringMaintenance->handle()
#47 C:\\Users\\Admin\\Desktop\\facebook\\facebook\\vendor\\laravel\\framework\\src\\Illuminate\\Http\\Middleware\\HandleCors.php(62): Illuminate\\Pipeline\\Pipeline->Illuminate\\Pipeline\\{closure}()
#48 C:\\Users\\Admin\\Desktop\\facebook\\facebook\\vendor\\laravel\\framework\\src\\Illuminate\\Pipeline\\Pipeline.php(180): Illuminate\\Http\\Middleware\\HandleCors->handle()
#49 C:\\Users\\Admin\\Desktop\\facebook\\facebook\\vendor\\laravel\\framework\\src\\Illuminate\\Http\\Middleware\\TrustProxies.php(39): Illuminate\\Pipeline\\Pipeline->Illuminate\\Pipeline\\{closure}()
#50 C:\\Users\\Admin\\Desktop\\facebook\\facebook\\vendor\\laravel\\framework\\src\\Illuminate\\Pipeline\\Pipeline.php(180): Illuminate\\Http\\Middleware\\TrustProxies->handle()
#51 C:\\Users\\Admin\\Desktop\\facebook\\facebook\\vendor\\laravel\\framework\\src\\Illuminate\\Pipeline\\Pipeline.php(116): Illuminate\\Pipeline\\Pipeline->Illuminate\\Pipeline\\{closure}()
#52 C:\\Users\\Admin\\Desktop\\facebook\\facebook\\vendor\\laravel\\framework\\src\\Illuminate\\Foundation\\Http\\Kernel.php(142): Illuminate\\Pipeline\\Pipeline->then()
#53 C:\\Users\\Admin\\Desktop\\facebook\\facebook\\vendor\\laravel\\framework\\src\\Illuminate\\Foundation\\Http\\Kernel.php(111): Illuminate\\Foundation\\Http\\Kernel->sendRequestThroughRouter()
#54 C:\\Users\\Admin\\Desktop\\facebook\\facebook\\public\\index.php(52): Illuminate\\Foundation\\Http\\Kernel->handle()
#55 C:\\Users\\Admin\\Desktop\\facebook\\facebook\\vendor\\laravel\\framework\\src\\Illuminate\\Foundation\esources\\server.php(16): require_once('...')
#56 {main}

[previous exception] [object] (PDOException(code: 0): could not find driver at C:\\Users\\Admin\\Desktop\\facebook\\facebook\\vendor\\laravel\\framework\\src\\Illuminate\\Database\\Connectors\\Connector.php:70)
[stacktrace]
#0 C:\\Users\\Admin\\Desktop\\facebook\\facebook\\vendor\\laravel\\framework\\src\\Illuminate\\Database\\Connectors\\Connector.php(70): PDO->__construct()
#1 C:\\Users\\Admin\\Desktop\\facebook\\facebook\\vendor\\laravel\\framework\\src\\Illuminate\\Database\\Connectors\\Connector.php(46): Illuminate\\Database\\Connectors\\Connector->createPdoConnection()
#2 C:\\Users\\Admin\\Desktop\\facebook\\facebook\\vendor\\laravel\\framework\\src\\Illuminate\\Database\\Connectors\\MySqlConnector.php(24): Illuminate\\Database\\Connectors\\Connector->createConnection()
#3 C:\\Users\\Admin\\Desktop\\facebook\\facebook\\vendor\\laravel\\framework\\src\\Illuminate\\Database\\Connectors\\ConnectionFactory.php(184): Illuminate\\Database\\Connectors\\MySqlConnector->connect()
#4 [internal function]: Illuminate\\Database\\Connectors\\ConnectionFactory->Illuminate\\Database\\Connectors\\{closure}()
#5 C:\\Users\\Admin\\Desktop\\facebook\\facebook\\vendor\\laravel\\framework\\src\\Illuminate\\Database\\Connection.php(1084): call_user_func()
#6 C:\\Users\\Admin\\Desktop\\facebook\\facebook\\vendor\\laravel\\framework\\src\\Illuminate\\Database\\Connection.php(468): Illuminate\\Database\\Connection->getPdo()
#7 C:\\Users\\Admin\\Desktop\\facebook\\facebook\\vendor\\laravel\\framework\\src\\Illuminate\\Database\\Connection.php(396): Illuminate\\Database\\Connection->getPdoForSelect()
#8 C:\\Users\\Admin\\Desktop\\facebook\\facebook\\vendor\\laravel\\framework\\src\\Illuminate\\Database\\Connection.php(735): Illuminate\\Database\\Connection->Illuminate\\Database\\{closure}()
#9 C:\\Users\\Admin\\Desktop\\facebook\\facebook\\vendor\\laravel\\framework\\src\\Illuminate\\Database\\Connection.php(702): Illuminate\\Database\\Connection->runQueryCallback()
#10 C:\\Users\\Admin\\Desktop\\facebook\\facebook\\vendor\\laravel\\framework\\src\\Illuminate\\Database\\Connection.php(404): Illuminate\\Database\\Connection->run()
#11 C:\\Users\\Admin\\Desktop\\facebook\\facebook\\vendor\\laravel\\framework\\src\\Illuminate\\Database\\Query\\Builder.php(2630): Illuminate\\Database\\Connection->select()
#12 C:\\Users\\Admin\\Desktop\\facebook\\facebook\\vendor\\laravel\\framework\\src\\Illuminate\\Database\\Query\\Builder.php(2618): Illuminate\\Database\\Query\\Builder->runSelect()
#13 C:\\Users\\Admin\\Desktop\\facebook\\facebook\\vendor\\laravel\\framework\\src\\Illuminate\\Database\\Query\\Builder.php(3152): Illuminate\\Database\\Query\\Builder->Illuminate\\Database\\Query\\{closure}()
#14 C:\\Users\\Admin\\Desktop\\facebook\\facebook\\vendor\\laravel\\framework\\src\\Illuminate\\Database\\Query\\Builder.php(2619): Illuminate\\Database\\Query\\Builder->onceWithColumns()
#15 C:\\Users\\Admin\\Desktop\\facebook\\facebook\\vendor\\laravel\\framework\\src\\Illuminate\\Database\\Query\\Builder.php(3079): Illuminate\\Database\\Query\\Builder->get()
#16 C:\\Users\\Admin\\Desktop\\facebook\\facebook\\vendor\\laravel\\framework\\src\\Illuminate\\Database\\Query\\Builder.php(3007): Illuminate\\Database\\Query\\Builder->aggregate()
#17 C:\\Users\\Admin\\Desktop\\facebook\\facebook\\vendor\\laravel\\framework\\src\\Illuminate\\Validation\\DatabasePresenceVerifier.php(54): Illuminate\\Database\\Query\\Builder->count()
#18 C:\\Users\\Admin\\Desktop\\facebook\\facebook\\vendor\\laravel\\framework\\src\\Illuminate\\Validation\\Concerns\\ValidatesAttributes.php(864): Illuminate\\Validation\\DatabasePresenceVerifier->getCount()
#19 C:\\Users\\Admin\\Desktop\\facebook\\facebook\\vendor\\laravel\\framework\\src\\Illuminate\\Validation\\Validator.php(609): Illuminate\\Validation\\Validator->validateUnique()
#20 C:\\Users\\Admin\\Desktop\\facebook\\facebook\\vendor\\laravel\\framework\\src\\Illuminate\\Validation\\Validator.php(415): Illuminate\\Validation\\Validator->validateAttribute()
#21 C:\\Users\\Admin\\Desktop\\facebook\\facebook\\vendor\\laravel\\framework\\src\\Illuminate\\Validation\\Validator.php(446): Illuminate\\Validation\\Validator->passes()
#22 C:\\Users\\Admin\\Desktop\\facebook\\facebook\\vendor\\laravel\\framework\\src\\Illuminate\\Validation\\Validator.php(488): Illuminate\\Validation\\Validator->fails()
#23 C:\\Users\\Admin\\Desktop\\facebook\\facebook\\vendor\\laravel\\framework\\src\\Illuminate\\Validation\\Factory.php(145): Illuminate\\Validation\\Validator->validate()
#24 C:\\Users\\Admin\\Desktop\\facebook\\facebook\\vendor\\laravel\\framework\\src\\Illuminate\\Foundation\\Providers\\FoundationServiceProvider.php(66): Illuminate\\Validation\\Factory->validate()
#25 C:\\Users\\Admin\\Desktop\\facebook\\facebook\\vendor\\laravel\\framework\\src\\Illuminate\\Macroable\\Traits\\Macroable.php(124): Illuminate\\Http\\Request->Illuminate\\Foundation\\Providers\\{closure}()
#26 C:\\Users\\Admin\\Desktop\\facebook\\facebook\\app\\Http\\Controllers\\AuthController.php(60): Illuminate\\Http\\Request->__call()
#27 C:\\Users\\Admin\\Desktop\\facebook\\facebook\\vendor\\laravel\\framework\\src\\Illuminate\\Routing\\Controller.php(54): App\\Http\\Controllers\\AuthController->register()
#28 C:\\Users\\Admin\\Desktop\\facebook\\facebook\\vendor\\laravel\\framework\\src\\Illuminate\\Routing\\ControllerDispatcher.php(45): Illuminate\\Routing\\Controller->callAction()
#29 C:\\Users\\Admin\\Desktop\\facebook\\facebook\\vendor\\laravel\\framework\\src\\Illuminate\\Routing\\Route.php(261): Illuminate\\Routing\\ControllerDispatcher->dispatch()
#30 C:\\Users\\Admin\\Desktop\\facebook\\facebook\\vendor\\laravel\\framework\\src\\Illuminate\\Routing\\Route.php(204): Illuminate\\Routing\\Route->runController()
#31 C:\\Users\\Admin\\Desktop\\facebook\\facebook\\vendor\\laravel\\framework\\src\\Illuminate\\Routing\\Router.php(725): Illuminate\\Routing\\Route->run()
#32 C:\\Users\\Admin\\Desktop\\facebook\\facebook\\vendor\\laravel\\framework\\src\\Illuminate\\Pipeline\\Pipeline.php(141): Illuminate\\Routing\\Router->Illuminate\\Routing\\{closure}()
#33 C:\\Users\\Admin\\Desktop\\facebook\\facebook\\vendor\\laravel\\framework\\src\\Illuminate\\Routing\\Middleware\\SubstituteBindings.php(50): Illuminate\\Pipeline\\Pipeline->Illuminate\\Pipeline\\{closure}()
#34 C:\\Users\\Admin\\Desktop\\facebook\\facebook\\vendor\\laravel\\framework\\src\\Illuminate\\Pipeline\\Pipeline.php(180): Illuminate\\Routing\\Middleware\\SubstituteBindings->handle()
#35 C:\\Users\\Admin\\Desktop\\facebook\\facebook\\vendor\\laravel\\framework\\src\\Illuminate\\Routing\\Middleware\\ThrottleRequests.php(126): Illuminate\\Pipeline\\Pipeline->Illuminate\\Pipeline\\{closure}()
#36 C:\\Users\\Admin\\Desktop\\facebook\\facebook\\vendor\\laravel\\framework\\src\\Illuminate\\Routing\\Middleware\\ThrottleRequests.php(102): Illuminate\\Routing\\Middleware\\ThrottleRequests->handleRequest()
#37 C:\\Users\\Admin\\Desktop\\facebook\\facebook\\vendor\\laravel\\framework\\src\\Illuminate\\Routing\\Middleware\\ThrottleRequests.php(54): Illuminate\\Routing\\Middleware\\ThrottleRequests->handleRequestUsingNamedLimiter()
#38 C:\\Users\\Admin\\Desktop\\facebook\\facebook\\vendor\\laravel\\framework\\src\\Illuminate\\Pipeline\\Pipeline.php(180): Illuminate\\Routing\\Middleware\\ThrottleRequests->handle()
#39 C:\\Users\\Admin\\Desktop\\facebook\\facebook\\vendor\\laravel\\framework\\src\\Illuminate\\Pipeline\\Pipeline.php(116): Illuminate\\Pipeline\\Pipeline->Illuminate\\Pipeline\\{closure}()
#40 C:\\Users\\Admin\\Desktop\\facebook\\facebook\\vendor\\laravel\\framework\\src\\Illuminate\\Routing\\Router.php(726): Illuminate\\Pipeline\\Pipeline->then()
#41 C:\\Users\\Admin\\Desktop\\facebook\\facebook\\vendor\\laravel\\framework\\src\\Illuminate\\Routing\\Router.php(703): Illuminate\\Routing\\Router->runRouteWithinStack()
#42 C:\\Users\\Admin\\Desktop\\facebook\\facebook\\vendor\\laravel\\framework\\src\\Illuminate\\Routing\\Router.php(667): Illuminate\\Routing\\Router->runRoute()
#43 C:\\Users\\Admin\\Desktop\\facebook\\facebook\\vendor\\laravel\\framework\\src\\Illuminate\\Routing\\Router.php(656): Illuminate\\Routing\\Router->dispatchToRoute()
#44 C:\\Users\\Admin\\Desktop\\facebook\\facebook\\vendor\\laravel\\framework\\src\\Illuminate\\Foundation\\Http\\Kernel.php(167): Illuminate\\Routing\\Router->dispatch()
#45 C:\\Users\\Admin\\Desktop\\facebook\\facebook\\vendor\\laravel\\framework\\src\\Illuminate\\Pipeline\\Pipeline.php(141): Illuminate\\Foundation\\Http\\Kernel->Illuminate\\Foundation\\Http\\{closure}()
#46 C:\\Users\\Admin\\Desktop\\facebook\\facebook\\vendor\\laravel\\framework\\src\\Illuminate\\Foundation\\Http\\Middleware\\TransformsRequest.php(21): Illuminate\\Pipeline\\Pipeline->Illuminate\\Pipeline\\{closure}()
#47 C:\\Users\\Admin\\Desktop\\facebook\\facebook\\vendor\\laravel\\framework\\src\\Illuminate\\Foundation\\Http\\Middleware\\ConvertEmptyStringsToNull.php(31): Illuminate\\Foundation\\Http\\Middleware\\TransformsRequest->handle()
#48 C:\\Users\\Admin\\Desktop\\facebook\\facebook\\vendor\\laravel\\framework\\src\\Illuminate\\Pipeline\\Pipeline.php(180): Illuminate\\Foundation\\Http\\Middleware\\ConvertEmptyStringsToNull->handle()
#49 C:\\Users\\Admin\\Desktop\\facebook\\facebook\\vendor\\laravel\\framework\\src\\Illuminate\\Foundation\\Http\\Middleware\\TransformsRequest.php(21): Illuminate\\Pipeline\\Pipeline->Illuminate\\Pipeline\\{closure}()
#50 C:\\Users\\Admin\\Desktop\\facebook\\facebook\\vendor\\laravel\\framework\\src\\Illuminate\\Foundation\\Http\\Middleware\\TrimStrings.php(40): Illuminate\\Foundation\\Http\\Middleware\\TransformsRequest->handle()
#51 C:\\Users\\Admin\\Desktop\\facebook\\facebook\\vendor\\laravel\\framework\\src\\Illuminate\\Pipeline\\Pipeline.php(180): Illuminate\\Foundation\\Http\\Middleware\\TrimStrings->handle()
#52 C:\\Users\\Admin\\Desktop\\facebook\\facebook\\vendor\\laravel\\framework\\src\\Illuminate\\Foundation\\Http\\Middleware\\ValidatePostSize.php(27): Illuminate\\Pipeline\\Pipeline->Illuminate\\Pipeline\\{closure}()
#53 C:\\Users\\Admin\\Desktop\\facebook\\facebook\\vendor\\laravel\\framework\\src\\Illuminate\\Pipeline\\Pipeline.php(180): Illuminate\\Foundation\\Http\\Middleware\\ValidatePostSize->handle()
#54 C:\\Users\\Admin\\Desktop\\facebook\\facebook\\vendor\\laravel\\framework\\src\\Illuminate\\Foundation\\Http\\Middleware\\PreventRequestsDuringMaintenance.php(86): Illuminate\\Pipeline\\Pipeline->Illuminate\\Pipeline\\{closure}()
#55 C:\\Users\\Admin\\Desktop\\facebook\\facebook\\vendor\\laravel\\framework\\src\\Illuminate\\Pipeline\\Pipeline.php(180): Illuminate\\Foundation\\Http\\Middleware\\PreventRequestsDuringMaintenance->handle()
#56 C:\\Users\\Admin\\Desktop\\facebook\\facebook\\vendor\\laravel\\framework\\src\\Illuminate\\Http\\Middleware\\HandleCors.php(62): Illuminate\\Pipeline\\Pipeline->Illuminate\\Pipeline\\{closure}()
#57 C:\\Users\\Admin\\Desktop\\facebook\\facebook\\vendor\\laravel\\framework\\src\\Illuminate\\Pipeline\\Pipeline.php(180): Illuminate\\Http\\Middleware\\HandleCors->handle()
#58 C:\\Users\\Admin\\Desktop\\facebook\\facebook\\vendor\\laravel\\framework\\src\\Illuminate\\Http\\Middleware\\TrustProxies.php(39): Illuminate\\Pipeline\\Pipeline->Illuminate\\Pipeline\\{closure}()
#59 C:\\Users\\Admin\\Desktop\\facebook\\facebook\\vendor\\laravel\\framework\\src\\Illuminate\\Pipeline\\Pipeline.php(180): Illuminate\\Http\\Middleware\\TrustProxies->handle()
#60 C:\\Users\\Admin\\Desktop\\facebook\\facebook\\vendor\\laravel\\framework\\src\\Illuminate\\Pipeline\\Pipeline.php(116): Illuminate\\Pipeline\\Pipeline->Illuminate\\Pipeline\\{closure}()
#61 C:\\Users\\Admin\\Desktop\\facebook\\facebook\\vendor\\laravel\\framework\\src\\Illuminate\\Foundation\\Http\\Kernel.php(142): Illuminate\\Pipeline\\Pipeline->then()
#62 C:\\Users\\Admin\\Desktop\\facebook\\facebook\\vendor\\laravel\\framework\\src\\Illuminate\\Foundation\\Http\\Kernel.php(111): Illuminate\\Foundation\\Http\\Kernel->sendRequestThroughRouter()
#63 C:\\Users\\Admin\\Desktop\\facebook\\facebook\\public\\index.php(52): Illuminate\\Foundation\\Http\\Kernel->handle()
#64 C:\\Users\\Admin\\Desktop\\facebook\\facebook\\vendor\\laravel\\framework\\src\\Illuminate\\Foundation\esources\\server.php(16): require_once('...')
#65 {main}
"} 
[2022-06-18 15:17:22] local.ERROR: could not find driver (SQL: select count(*) as aggregate from `users` where `email` = dvhoang1608hy@gmail.com and `id` <> dvhoang1608hy@gmail.com) {"exception":"[object] (Illuminate\\Database\\QueryException(code: 0): could not find driver (SQL: select count(*) as aggregate from `users` where `email` = dvhoang1608hy@gmail.com and `id` <> dvhoang1608hy@gmail.com) at C:\\Users\\Admin\\Desktop\\facebook\\facebook\\vendor\\laravel\\framework\\src\\Illuminate\\Database\\Connection.php:742)
[stacktrace]
#0 C:\\Users\\Admin\\Desktop\\facebook\\facebook\\vendor\\laravel\\framework\\src\\Illuminate\\Database\\Connection.php(702): Illuminate\\Database\\Connection->runQueryCallback()
#1 C:\\Users\\Admin\\Desktop\\facebook\\facebook\\vendor\\laravel\\framework\\src\\Illuminate\\Database\\Connection.php(404): Illuminate\\Database\\Connection->run()
#2 C:\\Users\\Admin\\Desktop\\facebook\\facebook\\vendor\\laravel\\framework\\src\\Illuminate\\Database\\Query\\Builder.php(2630): Illuminate\\Database\\Connection->select()
#3 C:\\Users\\Admin\\Desktop\\facebook\\facebook\\vendor\\laravel\\framework\\src\\Illuminate\\Database\\Query\\Builder.php(2618): Illuminate\\Database\\Query\\Builder->runSelect()
#4 C:\\Users\\Admin\\Desktop\\facebook\\facebook\\vendor\\laravel\\framework\\src\\Illuminate\\Database\\Query\\Builder.php(3152): Illuminate\\Database\\Query\\Builder->Illuminate\\Database\\Query\\{closure}()
#5 C:\\Users\\Admin\\Desktop\\facebook\\facebook\\vendor\\laravel\\framework\\src\\Illuminate\\Database\\Query\\Builder.php(2619): Illuminate\\Database\\Query\\Builder->onceWithColumns()
#6 C:\\Users\\Admin\\Desktop\\facebook\\facebook\\vendor\\laravel\\framework\\src\\Illuminate\\Database\\Query\\Builder.php(3079): Illuminate\\Database\\Query\\Builder->get()
#7 C:\\Users\\Admin\\Desktop\\facebook\\facebook\\vendor\\laravel\\framework\\src\\Illuminate\\Database\\Query\\Builder.php(3007): Illuminate\\Database\\Query\\Builder->aggregate()
#8 C:\\Users\\Admin\\Desktop\\facebook\\facebook\\vendor\\laravel\\framework\\src\\Illuminate\\Validation\\DatabasePresenceVerifier.php(54): Illuminate\\Database\\Query\\Builder->count()
#9 C:\\Users\\Admin\\Desktop\\facebook\\facebook\\vendor\\laravel\\framework\\src\\Illuminate\\Validation\\Concerns\\ValidatesAttributes.php(864): Illuminate\\Validation\\DatabasePresenceVerifier->getCount()
#10 C:\\Users\\Admin\\Desktop\\facebook\\facebook\\vendor\\laravel\\framework\\src\\Illuminate\\Validation\\Validator.php(609): Illuminate\\Validation\\Validator->validateUnique()
#11 C:\\Users\\Admin\\Desktop\\facebook\\facebook\\vendor\\laravel\\framework\\src\\Illuminate\\Validation\\Validator.php(415): Illuminate\\Validation\\Validator->validateAttribute()
#12 C:\\Users\\Admin\\Desktop\\facebook\\facebook\\vendor\\laravel\\framework\\src\\Illuminate\\Validation\\Validator.php(446): Illuminate\\Validation\\Validator->passes()
#13 C:\\Users\\Admin\\Desktop\\facebook\\facebook\\vendor\\laravel\\framework\\src\\Illuminate\\Validation\\Validator.php(488): Illuminate\\Validation\\Validator->fails()
#14 C:\\Users\\Admin\\Desktop\\facebook\\facebook\\vendor\\laravel\\framework\\src\\Illuminate\\Validation\\Factory.php(145): Illuminate\\Validation\\Validator->validate()
#15 C:\\Users\\Admin\\Desktop\\facebook\\facebook\\vendor\\laravel\\framework\\src\\Illuminate\\Foundation\\Providers\\FoundationServiceProvider.php(66): Illuminate\\Validation\\Factory->validate()
#16 C:\\Users\\Admin\\Desktop\\facebook\\facebook\\vendor\\laravel\\framework\\src\\Illuminate\\Macroable\\Traits\\Macroable.php(124): Illuminate\\Http\\Request->Illuminate\\Foundation\\Providers\\{closure}()
#17 C:\\Users\\Admin\\Desktop\\facebook\\facebook\\app\\Http\\Controllers\\AuthController.php(60): Illuminate\\Http\\Request->__call()
#18 C:\\Users\\Admin\\Desktop\\facebook\\facebook\\vendor\\laravel\\framework\\src\\Illuminate\\Routing\\Controller.php(54): App\\Http\\Controllers\\AuthController->register()
#19 C:\\Users\\Admin\\Desktop\\facebook\\facebook\\vendor\\laravel\\framework\\src\\Illuminate\\Routing\\ControllerDispatcher.php(45): Illuminate\\Routing\\Controller->callAction()
#20 C:\\Users\\Admin\\Desktop\\facebook\\facebook\\vendor\\laravel\\framework\\src\\Illuminate\\Routing\\Route.php(261): Illuminate\\Routing\\ControllerDispatcher->dispatch()
#21 C:\\Users\\Admin\\Desktop\\facebook\\facebook\\vendor\\laravel\\framework\\src\\Illuminate\\Routing\\Route.php(204): Illuminate\\Routing\\Route->runController()
#22 C:\\Users\\Admin\\Desktop\\facebook\\facebook\\vendor\\laravel\\framework\\src\\Illuminate\\Routing\\Router.php(725): Illuminate\\Routing\\Route->run()
#23 C:\\Users\\Admin\\Desktop\\facebook\\facebook\\vendor\\laravel\\framework\\src\\Illuminate\\Pipeline\\Pipeline.php(141): Illuminate\\Routing\\Router->Illuminate\\Routing\\{closure}()
#24 C:\\Users\\Admin\\Desktop\\facebook\\facebook\\vendor\\laravel\\framework\\src\\Illuminate\\Routing\\Middleware\\SubstituteBindings.php(50): Illuminate\\Pipeline\\Pipeline->Illuminate\\Pipeline\\{closure}()
#25 C:\\Users\\Admin\\Desktop\\facebook\\facebook\\vendor\\laravel\\framework\\src\\Illuminate\\Pipeline\\Pipeline.php(180): Illuminate\\Routing\\Middleware\\SubstituteBindings->handle()
#26 C:\\Users\\Admin\\Desktop\\facebook\\facebook\\vendor\\laravel\\framework\\src\\Illuminate\\Routing\\Middleware\\ThrottleRequests.php(126): Illuminate\\Pipeline\\Pipeline->Illuminate\\Pipeline\\{closure}()
#27 C:\\Users\\Admin\\Desktop\\facebook\\facebook\\vendor\\laravel\\framework\\src\\Illuminate\\Routing\\Middleware\\ThrottleRequests.php(102): Illuminate\\Routing\\Middleware\\ThrottleRequests->handleRequest()
#28 C:\\Users\\Admin\\Desktop\\facebook\\facebook\\vendor\\laravel\\framework\\src\\Illuminate\\Routing\\Middleware\\ThrottleRequests.php(54): Illuminate\\Routing\\Middleware\\ThrottleRequests->handleRequestUsingNamedLimiter()
#29 C:\\Users\\Admin\\Desktop\\facebook\\facebook\\vendor\\laravel\\framework\\src\\Illuminate\\Pipeline\\Pipeline.php(180): Illuminate\\Routing\\Middleware\\ThrottleRequests->handle()
#30 C:\\Users\\Admin\\Desktop\\facebook\\facebook\\vendor\\laravel\\framework\\src\\Illuminate\\Pipeline\\Pipeline.php(116): Illuminate\\Pipeline\\Pipeline->Illuminate\\Pipeline\\{closure}()
#31 C:\\Users\\Admin\\Desktop\\facebook\\facebook\\vendor\\laravel\\framework\\src\\Illuminate\\Routing\\Router.php(726): Illuminate\\Pipeline\\Pipeline->then()
#32 C:\\Users\\Admin\\Desktop\\facebook\\facebook\\vendor\\laravel\\framework\\src\\Illuminate\\Routing\\Router.php(703): Illuminate\\Routing\\Router->runRouteWithinStack()
#33 C:\\Users\\Admin\\Desktop\\facebook\\facebook\\vendor\\laravel\\framework\\src\\Illuminate\\Routing\\Router.php(667): Illuminate\\Routing\\Router->runRoute()
#34 C:\\Users\\Admin\\Desktop\\facebook\\facebook\\vendor\\laravel\\framework\\src\\Illuminate\\Routing\\Router.php(656): Illuminate\\Routing\\Router->dispatchToRoute()
#35 C:\\Users\\Admin\\Desktop\\facebook\\facebook\\vendor\\laravel\\framework\\src\\Illuminate\\Foundation\\Http\\Kernel.php(167): Illuminate\\Routing\\Router->dispatch()
#36 C:\\Users\\Admin\\Desktop\\facebook\\facebook\\vendor\\laravel\\framework\\src\\Illuminate\\Pipeline\\Pipeline.php(141): Illuminate\\Foundation\\Http\\Kernel->Illuminate\\Foundation\\Http\\{closure}()
#37 C:\\Users\\Admin\\Desktop\\facebook\\facebook\\vendor\\laravel\\framework\\src\\Illuminate\\Foundation\\Http\\Middleware\\TransformsRequest.php(21): Illuminate\\Pipeline\\Pipeline->Illuminate\\Pipeline\\{closure}()
#38 C:\\Users\\Admin\\Desktop\\facebook\\facebook\\vendor\\laravel\\framework\\src\\Illuminate\\Foundation\\Http\\Middleware\\ConvertEmptyStringsToNull.php(31): Illuminate\\Foundation\\Http\\Middleware\\TransformsRequest->handle()
#39 C:\\Users\\Admin\\Desktop\\facebook\\facebook\\vendor\\laravel\\framework\\src\\Illuminate\\Pipeline\\Pipeline.php(180): Illuminate\\Foundation\\Http\\Middleware\\ConvertEmptyStringsToNull->handle()
#40 C:\\Users\\Admin\\Desktop\\facebook\\facebook\\vendor\\laravel\\framework\\src\\Illuminate\\Foundation\\Http\\Middleware\\TransformsRequest.php(21): Illuminate\\Pipeline\\Pipeline->Illuminate\\Pipeline\\{closure}()
#41 C:\\Users\\Admin\\Desktop\\facebook\\facebook\\vendor\\laravel\\framework\\src\\Illuminate\\Foundation\\Http\\Middleware\\TrimStrings.php(40): Illuminate\\Foundation\\Http\\Middleware\\TransformsRequest->handle()
#42 C:\\Users\\Admin\\Desktop\\facebook\\facebook\\vendor\\laravel\\framework\\src\\Illuminate\\Pipeline\\Pipeline.php(180): Illuminate\\Foundation\\Http\\Middleware\\TrimStrings->handle()
#43 C:\\Users\\Admin\\Desktop\\facebook\\facebook\\vendor\\laravel\\framework\\src\\Illuminate\\Foundation\\Http\\Middleware\\ValidatePostSize.php(27): Illuminate\\Pipeline\\Pipeline->Illuminate\\Pipeline\\{closure}()
#44 C:\\Users\\Admin\\Desktop\\facebook\\facebook\\vendor\\laravel\\framework\\src\\Illuminate\\Pipeline\\Pipeline.php(180): Illuminate\\Foundation\\Http\\Middleware\\ValidatePostSize->handle()
#45 C:\\Users\\Admin\\Desktop\\facebook\\facebook\\vendor\\laravel\\framework\\src\\Illuminate\\Foundation\\Http\\Middleware\\PreventRequestsDuringMaintenance.php(86): Illuminate\\Pipeline\\Pipeline->Illuminate\\Pipeline\\{closure}()
#46 C:\\Users\\Admin\\Desktop\\facebook\\facebook\\vendor\\laravel\\framework\\src\\Illuminate\\Pipeline\\Pipeline.php(180): Illuminate\\Foundation\\Http\\Middleware\\PreventRequestsDuringMaintenance->handle()
#47 C:\\Users\\Admin\\Desktop\\facebook\\facebook\\vendor\\laravel\\framework\\src\\Illuminate\\Http\\Middleware\\HandleCors.php(62): Illuminate\\Pipeline\\Pipeline->Illuminate\\Pipeline\\{closure}()
#48 C:\\Users\\Admin\\Desktop\\facebook\\facebook\\vendor\\laravel\\framework\\src\\Illuminate\\Pipeline\\Pipeline.php(180): Illuminate\\Http\\Middleware\\HandleCors->handle()
#49 C:\\Users\\Admin\\Desktop\\facebook\\facebook\\vendor\\laravel\\framework\\src\\Illuminate\\Http\\Middleware\\TrustProxies.php(39): Illuminate\\Pipeline\\Pipeline->Illuminate\\Pipeline\\{closure}()
#50 C:\\Users\\Admin\\Desktop\\facebook\\facebook\\vendor\\laravel\\framework\\src\\Illuminate\\Pipeline\\Pipeline.php(180): Illuminate\\Http\\Middleware\\TrustProxies->handle()
#51 C:\\Users\\Admin\\Desktop\\facebook\\facebook\\vendor\\laravel\\framework\\src\\Illuminate\\Pipeline\\Pipeline.php(116): Illuminate\\Pipeline\\Pipeline->Illuminate\\Pipeline\\{closure}()
#52 C:\\Users\\Admin\\Desktop\\facebook\\facebook\\vendor\\laravel\\framework\\src\\Illuminate\\Foundation\\Http\\Kernel.php(142): Illuminate\\Pipeline\\Pipeline->then()
#53 C:\\Users\\Admin\\Desktop\\facebook\\facebook\\vendor\\laravel\\framework\\src\\Illuminate\\Foundation\\Http\\Kernel.php(111): Illuminate\\Foundation\\Http\\Kernel->sendRequestThroughRouter()
#54 C:\\Users\\Admin\\Desktop\\facebook\\facebook\\public\\index.php(52): Illuminate\\Foundation\\Http\\Kernel->handle()
#55 C:\\Users\\Admin\\Desktop\\facebook\\facebook\\vendor\\laravel\\framework\\src\\Illuminate\\Foundation\esources\\server.php(16): require_once('...')
#56 {main}

[previous exception] [object] (PDOException(code: 0): could not find driver at C:\\Users\\Admin\\Desktop\\facebook\\facebook\\vendor\\laravel\\framework\\src\\Illuminate\\Database\\Connectors\\Connector.php:70)
[stacktrace]
#0 C:\\Users\\Admin\\Desktop\\facebook\\facebook\\vendor\\laravel\\framework\\src\\Illuminate\\Database\\Connectors\\Connector.php(70): PDO->__construct()
#1 C:\\Users\\Admin\\Desktop\\facebook\\facebook\\vendor\\laravel\\framework\\src\\Illuminate\\Database\\Connectors\\Connector.php(46): Illuminate\\Database\\Connectors\\Connector->createPdoConnection()
#2 C:\\Users\\Admin\\Desktop\\facebook\\facebook\\vendor\\laravel\\framework\\src\\Illuminate\\Database\\Connectors\\MySqlConnector.php(24): Illuminate\\Database\\Connectors\\Connector->createConnection()
#3 C:\\Users\\Admin\\Desktop\\facebook\\facebook\\vendor\\laravel\\framework\\src\\Illuminate\\Database\\Connectors\\ConnectionFactory.php(184): Illuminate\\Database\\Connectors\\MySqlConnector->connect()
#4 [internal function]: Illuminate\\Database\\Connectors\\ConnectionFactory->Illuminate\\Database\\Connectors\\{closure}()
#5 C:\\Users\\Admin\\Desktop\\facebook\\facebook\\vendor\\laravel\\framework\\src\\Illuminate\\Database\\Connection.php(1084): call_user_func()
#6 C:\\Users\\Admin\\Desktop\\facebook\\facebook\\vendor\\laravel\\framework\\src\\Illuminate\\Database\\Connection.php(468): Illuminate\\Database\\Connection->getPdo()
#7 C:\\Users\\Admin\\Desktop\\facebook\\facebook\\vendor\\laravel\\framework\\src\\Illuminate\\Database\\Connection.php(396): Illuminate\\Database\\Connection->getPdoForSelect()
#8 C:\\Users\\Admin\\Desktop\\facebook\\facebook\\vendor\\laravel\\framework\\src\\Illuminate\\Database\\Connection.php(735): Illuminate\\Database\\Connection->Illuminate\\Database\\{closure}()
#9 C:\\Users\\Admin\\Desktop\\facebook\\facebook\\vendor\\laravel\\framework\\src\\Illuminate\\Database\\Connection.php(702): Illuminate\\Database\\Connection->runQueryCallback()
#10 C:\\Users\\Admin\\Desktop\\facebook\\facebook\\vendor\\laravel\\framework\\src\\Illuminate\\Database\\Connection.php(404): Illuminate\\Database\\Connection->run()
#11 C:\\Users\\Admin\\Desktop\\facebook\\facebook\\vendor\\laravel\\framework\\src\\Illuminate\\Database\\Query\\Builder.php(2630): Illuminate\\Database\\Connection->select()
#12 C:\\Users\\Admin\\Desktop\\facebook\\facebook\\vendor\\laravel\\framework\\src\\Illuminate\\Database\\Query\\Builder.php(2618): Illuminate\\Database\\Query\\Builder->runSelect()
#13 C:\\Users\\Admin\\Desktop\\facebook\\facebook\\vendor\\laravel\\framework\\src\\Illuminate\\Database\\Query\\Builder.php(3152): Illuminate\\Database\\Query\\Builder->Illuminate\\Database\\Query\\{closure}()
#14 C:\\Users\\Admin\\Desktop\\facebook\\facebook\\vendor\\laravel\\framework\\src\\Illuminate\\Database\\Query\\Builder.php(2619): Illuminate\\Database\\Query\\Builder->onceWithColumns()
#15 C:\\Users\\Admin\\Desktop\\facebook\\facebook\\vendor\\laravel\\framework\\src\\Illuminate\\Database\\Query\\Builder.php(3079): Illuminate\\Database\\Query\\Builder->get()
#16 C:\\Users\\Admin\\Desktop\\facebook\\facebook\\vendor\\laravel\\framework\\src\\Illuminate\\Database\\Query\\Builder.php(3007): Illuminate\\Database\\Query\\Builder->aggregate()
#17 C:\\Users\\Admin\\Desktop\\facebook\\facebook\\vendor\\laravel\\framework\\src\\Illuminate\\Validation\\DatabasePresenceVerifier.php(54): Illuminate\\Database\\Query\\Builder->count()
#18 C:\\Users\\Admin\\Desktop\\facebook\\facebook\\vendor\\laravel\\framework\\src\\Illuminate\\Validation\\Concerns\\ValidatesAttributes.php(864): Illuminate\\Validation\\DatabasePresenceVerifier->getCount()
#19 C:\\Users\\Admin\\Desktop\\facebook\\facebook\\vendor\\laravel\\framework\\src\\Illuminate\\Validation\\Validator.php(609): Illuminate\\Validation\\Validator->validateUnique()
#20 C:\\Users\\Admin\\Desktop\\facebook\\facebook\\vendor\\laravel\\framework\\src\\Illuminate\\Validation\\Validator.php(415): Illuminate\\Validation\\Validator->validateAttribute()
#21 C:\\Users\\Admin\\Desktop\\facebook\\facebook\\vendor\\laravel\\framework\\src\\Illuminate\\Validation\\Validator.php(446): Illuminate\\Validation\\Validator->passes()
#22 C:\\Users\\Admin\\Desktop\\facebook\\facebook\\vendor\\laravel\\framework\\src\\Illuminate\\Validation\\Validator.php(488): Illuminate\\Validation\\Validator->fails()
#23 C:\\Users\\Admin\\Desktop\\facebook\\facebook\\vendor\\laravel\\framework\\src\\Illuminate\\Validation\\Factory.php(145): Illuminate\\Validation\\Validator->validate()
#24 C:\\Users\\Admin\\Desktop\\facebook\\facebook\\vendor\\laravel\\framework\\src\\Illuminate\\Foundation\\Providers\\FoundationServiceProvider.php(66): Illuminate\\Validation\\Factory->validate()
#25 C:\\Users\\Admin\\Desktop\\facebook\\facebook\\vendor\\laravel\\framework\\src\\Illuminate\\Macroable\\Traits\\Macroable.php(124): Illuminate\\Http\\Request->Illuminate\\Foundation\\Providers\\{closure}()
#26 C:\\Users\\Admin\\Desktop\\facebook\\facebook\\app\\Http\\Controllers\\AuthController.php(60): Illuminate\\Http\\Request->__call()
#27 C:\\Users\\Admin\\Desktop\\facebook\\facebook\\vendor\\laravel\\framework\\src\\Illuminate\\Routing\\Controller.php(54): App\\Http\\Controllers\\AuthController->register()
#28 C:\\Users\\Admin\\Desktop\\facebook\\facebook\\vendor\\laravel\\framework\\src\\Illuminate\\Routing\\ControllerDispatcher.php(45): Illuminate\\Routing\\Controller->callAction()
#29 C:\\Users\\Admin\\Desktop\\facebook\\facebook\\vendor\\laravel\\framework\\src\\Illuminate\\Routing\\Route.php(261): Illuminate\\Routing\\ControllerDispatcher->dispatch()
#30 C:\\Users\\Admin\\Desktop\\facebook\\facebook\\vendor\\laravel\\framework\\src\\Illuminate\\Routing\\Route.php(204): Illuminate\\Routing\\Route->runController()
#31 C:\\Users\\Admin\\Desktop\\facebook\\facebook\\vendor\\laravel\\framework\\src\\Illuminate\\Routing\\Router.php(725): Illuminate\\Routing\\Route->run()
#32 C:\\Users\\Admin\\Desktop\\facebook\\facebook\\vendor\\laravel\\framework\\src\\Illuminate\\Pipeline\\Pipeline.php(141): Illuminate\\Routing\\Router->Illuminate\\Routing\\{closure}()
#33 C:\\Users\\Admin\\Desktop\\facebook\\facebook\\vendor\\laravel\\framework\\src\\Illuminate\\Routing\\Middleware\\SubstituteBindings.php(50): Illuminate\\Pipeline\\Pipeline->Illuminate\\Pipeline\\{closure}()
#34 C:\\Users\\Admin\\Desktop\\facebook\\facebook\\vendor\\laravel\\framework\\src\\Illuminate\\Pipeline\\Pipeline.php(180): Illuminate\\Routing\\Middleware\\SubstituteBindings->handle()
#35 C:\\Users\\Admin\\Desktop\\facebook\\facebook\\vendor\\laravel\\framework\\src\\Illuminate\\Routing\\Middleware\\ThrottleRequests.php(126): Illuminate\\Pipeline\\Pipeline->Illuminate\\Pipeline\\{closure}()
#36 C:\\Users\\Admin\\Desktop\\facebook\\facebook\\vendor\\laravel\\framework\\src\\Illuminate\\Routing\\Middleware\\ThrottleRequests.php(102): Illuminate\\Routing\\Middleware\\ThrottleRequests->handleRequest()
#37 C:\\Users\\Admin\\Desktop\\facebook\\facebook\\vendor\\laravel\\framework\\src\\Illuminate\\Routing\\Middleware\\ThrottleRequests.php(54): Illuminate\\Routing\\Middleware\\ThrottleRequests->handleRequestUsingNamedLimiter()
#38 C:\\Users\\Admin\\Desktop\\facebook\\facebook\\vendor\\laravel\\framework\\src\\Illuminate\\Pipeline\\Pipeline.php(180): Illuminate\\Routing\\Middleware\\ThrottleRequests->handle()
#39 C:\\Users\\Admin\\Desktop\\facebook\\facebook\\vendor\\laravel\\framework\\src\\Illuminate\\Pipeline\\Pipeline.php(116): Illuminate\\Pipeline\\Pipeline->Illuminate\\Pipeline\\{closure}()
#40 C:\\Users\\Admin\\Desktop\\facebook\\facebook\\vendor\\laravel\\framework\\src\\Illuminate\\Routing\\Router.php(726): Illuminate\\Pipeline\\Pipeline->then()
#41 C:\\Users\\Admin\\Desktop\\facebook\\facebook\\vendor\\laravel\\framework\\src\\Illuminate\\Routing\\Router.php(703): Illuminate\\Routing\\Router->runRouteWithinStack()
#42 C:\\Users\\Admin\\Desktop\\facebook\\facebook\\vendor\\laravel\\framework\\src\\Illuminate\\Routing\\Router.php(667): Illuminate\\Routing\\Router->runRoute()
#43 C:\\Users\\Admin\\Desktop\\facebook\\facebook\\vendor\\laravel\\framework\\src\\Illuminate\\Routing\\Router.php(656): Illuminate\\Routing\\Router->dispatchToRoute()
#44 C:\\Users\\Admin\\Desktop\\facebook\\facebook\\vendor\\laravel\\framework\\src\\Illuminate\\Foundation\\Http\\Kernel.php(167): Illuminate\\Routing\\Router->dispatch()
#45 C:\\Users\\Admin\\Desktop\\facebook\\facebook\\vendor\\laravel\\framework\\src\\Illuminate\\Pipeline\\Pipeline.php(141): Illuminate\\Foundation\\Http\\Kernel->Illuminate\\Foundation\\Http\\{closure}()
#46 C:\\Users\\Admin\\Desktop\\facebook\\facebook\\vendor\\laravel\\framework\\src\\Illuminate\\Foundation\\Http\\Middleware\\TransformsRequest.php(21): Illuminate\\Pipeline\\Pipeline->Illuminate\\Pipeline\\{closure}()
#47 C:\\Users\\Admin\\Desktop\\facebook\\facebook\\vendor\\laravel\\framework\\src\\Illuminate\\Foundation\\Http\\Middleware\\ConvertEmptyStringsToNull.php(31): Illuminate\\Foundation\\Http\\Middleware\\TransformsRequest->handle()
#48 C:\\Users\\Admin\\Desktop\\facebook\\facebook\\vendor\\laravel\\framework\\src\\Illuminate\\Pipeline\\Pipeline.php(180): Illuminate\\Foundation\\Http\\Middleware\\ConvertEmptyStringsToNull->handle()
#49 C:\\Users\\Admin\\Desktop\\facebook\\facebook\\vendor\\laravel\\framework\\src\\Illuminate\\Foundation\\Http\\Middleware\\TransformsRequest.php(21): Illuminate\\Pipeline\\Pipeline->Illuminate\\Pipeline\\{closure}()
#50 C:\\Users\\Admin\\Desktop\\facebook\\facebook\\vendor\\laravel\\framework\\src\\Illuminate\\Foundation\\Http\\Middleware\\TrimStrings.php(40): Illuminate\\Foundation\\Http\\Middleware\\TransformsRequest->handle()
#51 C:\\Users\\Admin\\Desktop\\facebook\\facebook\\vendor\\laravel\\framework\\src\\Illuminate\\Pipeline\\Pipeline.php(180): Illuminate\\Foundation\\Http\\Middleware\\TrimStrings->handle()
#52 C:\\Users\\Admin\\Desktop\\facebook\\facebook\\vendor\\laravel\\framework\\src\\Illuminate\\Foundation\\Http\\Middleware\\ValidatePostSize.php(27): Illuminate\\Pipeline\\Pipeline->Illuminate\\Pipeline\\{closure}()
#53 C:\\Users\\Admin\\Desktop\\facebook\\facebook\\vendor\\laravel\\framework\\src\\Illuminate\\Pipeline\\Pipeline.php(180): Illuminate\\Foundation\\Http\\Middleware\\ValidatePostSize->handle()
#54 C:\\Users\\Admin\\Desktop\\facebook\\facebook\\vendor\\laravel\\framework\\src\\Illuminate\\Foundation\\Http\\Middleware\\PreventRequestsDuringMaintenance.php(86): Illuminate\\Pipeline\\Pipeline->Illuminate\\Pipeline\\{closure}()
#55 C:\\Users\\Admin\\Desktop\\facebook\\facebook\\vendor\\laravel\\framework\\src\\Illuminate\\Pipeline\\Pipeline.php(180): Illuminate\\Foundation\\Http\\Middleware\\PreventRequestsDuringMaintenance->handle()
#56 C:\\Users\\Admin\\Desktop\\facebook\\facebook\\vendor\\laravel\\framework\\src\\Illuminate\\Http\\Middleware\\HandleCors.php(62): Illuminate\\Pipeline\\Pipeline->Illuminate\\Pipeline\\{closure}()
#57 C:\\Users\\Admin\\Desktop\\facebook\\facebook\\vendor\\laravel\\framework\\src\\Illuminate\\Pipeline\\Pipeline.php(180): Illuminate\\Http\\Middleware\\HandleCors->handle()
#58 C:\\Users\\Admin\\Desktop\\facebook\\facebook\\vendor\\laravel\\framework\\src\\Illuminate\\Http\\Middleware\\TrustProxies.php(39): Illuminate\\Pipeline\\Pipeline->Illuminate\\Pipeline\\{closure}()
#59 C:\\Users\\Admin\\Desktop\\facebook\\facebook\\vendor\\laravel\\framework\\src\\Illuminate\\Pipeline\\Pipeline.php(180): Illuminate\\Http\\Middleware\\TrustProxies->handle()
#60 C:\\Users\\Admin\\Desktop\\facebook\\facebook\\vendor\\laravel\\framework\\src\\Illuminate\\Pipeline\\Pipeline.php(116): Illuminate\\Pipeline\\Pipeline->Illuminate\\Pipeline\\{closure}()
#61 C:\\Users\\Admin\\Desktop\\facebook\\facebook\\vendor\\laravel\\framework\\src\\Illuminate\\Foundation\\Http\\Kernel.php(142): Illuminate\\Pipeline\\Pipeline->then()
#62 C:\\Users\\Admin\\Desktop\\facebook\\facebook\\vendor\\laravel\\framework\\src\\Illuminate\\Foundation\\Http\\Kernel.php(111): Illuminate\\Foundation\\Http\\Kernel->sendRequestThroughRouter()
#63 C:\\Users\\Admin\\Desktop\\facebook\\facebook\\public\\index.php(52): Illuminate\\Foundation\\Http\\Kernel->handle()
#64 C:\\Users\\Admin\\Desktop\\facebook\\facebook\\vendor\\laravel\\framework\\src\\Illuminate\\Foundation\esources\\server.php(16): require_once('...')
#65 {main}
"} 
[2022-06-18 15:18:05] local.ERROR: could not find driver (SQL: select count(*) as aggregate from `users` where `email` = dvhoang1608hy@gmail.com and `id` <> dvhoang1608hy@gmail.com) {"exception":"[object] (Illuminate\\Database\\QueryException(code: 0): could not find driver (SQL: select count(*) as aggregate from `users` where `email` = dvhoang1608hy@gmail.com and `id` <> dvhoang1608hy@gmail.com) at C:\\Users\\Admin\\Desktop\\facebook\\facebook\\vendor\\laravel\\framework\\src\\Illuminate\\Database\\Connection.php:742)
[stacktrace]
#0 C:\\Users\\Admin\\Desktop\\facebook\\facebook\\vendor\\laravel\\framework\\src\\Illuminate\\Database\\Connection.php(702): Illuminate\\Database\\Connection->runQueryCallback()
#1 C:\\Users\\Admin\\Desktop\\facebook\\facebook\\vendor\\laravel\\framework\\src\\Illuminate\\Database\\Connection.php(404): Illuminate\\Database\\Connection->run()
#2 C:\\Users\\Admin\\Desktop\\facebook\\facebook\\vendor\\laravel\\framework\\src\\Illuminate\\Database\\Query\\Builder.php(2630): Illuminate\\Database\\Connection->select()
#3 C:\\Users\\Admin\\Desktop\\facebook\\facebook\\vendor\\laravel\\framework\\src\\Illuminate\\Database\\Query\\Builder.php(2618): Illuminate\\Database\\Query\\Builder->runSelect()
#4 C:\\Users\\Admin\\Desktop\\facebook\\facebook\\vendor\\laravel\\framework\\src\\Illuminate\\Database\\Query\\Builder.php(3152): Illuminate\\Database\\Query\\Builder->Illuminate\\Database\\Query\\{closure}()
#5 C:\\Users\\Admin\\Desktop\\facebook\\facebook\\vendor\\laravel\\framework\\src\\Illuminate\\Database\\Query\\Builder.php(2619): Illuminate\\Database\\Query\\Builder->onceWithColumns()
#6 C:\\Users\\Admin\\Desktop\\facebook\\facebook\\vendor\\laravel\\framework\\src\\Illuminate\\Database\\Query\\Builder.php(3079): Illuminate\\Database\\Query\\Builder->get()
#7 C:\\Users\\Admin\\Desktop\\facebook\\facebook\\vendor\\laravel\\framework\\src\\Illuminate\\Database\\Query\\Builder.php(3007): Illuminate\\Database\\Query\\Builder->aggregate()
#8 C:\\Users\\Admin\\Desktop\\facebook\\facebook\\vendor\\laravel\\framework\\src\\Illuminate\\Validation\\DatabasePresenceVerifier.php(54): Illuminate\\Database\\Query\\Builder->count()
#9 C:\\Users\\Admin\\Desktop\\facebook\\facebook\\vendor\\laravel\\framework\\src\\Illuminate\\Validation\\Concerns\\ValidatesAttributes.php(864): Illuminate\\Validation\\DatabasePresenceVerifier->getCount()
#10 C:\\Users\\Admin\\Desktop\\facebook\\facebook\\vendor\\laravel\\framework\\src\\Illuminate\\Validation\\Validator.php(609): Illuminate\\Validation\\Validator->validateUnique()
#11 C:\\Users\\Admin\\Desktop\\facebook\\facebook\\vendor\\laravel\\framework\\src\\Illuminate\\Validation\\Validator.php(415): Illuminate\\Validation\\Validator->validateAttribute()
#12 C:\\Users\\Admin\\Desktop\\facebook\\facebook\\vendor\\laravel\\framework\\src\\Illuminate\\Validation\\Validator.php(446): Illuminate\\Validation\\Validator->passes()
#13 C:\\Users\\Admin\\Desktop\\facebook\\facebook\\vendor\\laravel\\framework\\src\\Illuminate\\Validation\\Validator.php(488): Illuminate\\Validation\\Validator->fails()
#14 C:\\Users\\Admin\\Desktop\\facebook\\facebook\\vendor\\laravel\\framework\\src\\Illuminate\\Validation\\Factory.php(145): Illuminate\\Validation\\Validator->validate()
#15 C:\\Users\\Admin\\Desktop\\facebook\\facebook\\vendor\\laravel\\framework\\src\\Illuminate\\Foundation\\Providers\\FoundationServiceProvider.php(66): Illuminate\\Validation\\Factory->validate()
#16 C:\\Users\\Admin\\Desktop\\facebook\\facebook\\vendor\\laravel\\framework\\src\\Illuminate\\Macroable\\Traits\\Macroable.php(124): Illuminate\\Http\\Request->Illuminate\\Foundation\\Providers\\{closure}()
#17 C:\\Users\\Admin\\Desktop\\facebook\\facebook\\app\\Http\\Controllers\\AuthController.php(60): Illuminate\\Http\\Request->__call()
#18 C:\\Users\\Admin\\Desktop\\facebook\\facebook\\vendor\\laravel\\framework\\src\\Illuminate\\Routing\\Controller.php(54): App\\Http\\Controllers\\AuthController->register()
#19 C:\\Users\\Admin\\Desktop\\facebook\\facebook\\vendor\\laravel\\framework\\src\\Illuminate\\Routing\\ControllerDispatcher.php(45): Illuminate\\Routing\\Controller->callAction()
#20 C:\\Users\\Admin\\Desktop\\facebook\\facebook\\vendor\\laravel\\framework\\src\\Illuminate\\Routing\\Route.php(261): Illuminate\\Routing\\ControllerDispatcher->dispatch()
#21 C:\\Users\\Admin\\Desktop\\facebook\\facebook\\vendor\\laravel\\framework\\src\\Illuminate\\Routing\\Route.php(204): Illuminate\\Routing\\Route->runController()
#22 C:\\Users\\Admin\\Desktop\\facebook\\facebook\\vendor\\laravel\\framework\\src\\Illuminate\\Routing\\Router.php(725): Illuminate\\Routing\\Route->run()
#23 C:\\Users\\Admin\\Desktop\\facebook\\facebook\\vendor\\laravel\\framework\\src\\Illuminate\\Pipeline\\Pipeline.php(141): Illuminate\\Routing\\Router->Illuminate\\Routing\\{closure}()
#24 C:\\Users\\Admin\\Desktop\\facebook\\facebook\\vendor\\laravel\\framework\\src\\Illuminate\\Routing\\Middleware\\SubstituteBindings.php(50): Illuminate\\Pipeline\\Pipeline->Illuminate\\Pipeline\\{closure}()
#25 C:\\Users\\Admin\\Desktop\\facebook\\facebook\\vendor\\laravel\\framework\\src\\Illuminate\\Pipeline\\Pipeline.php(180): Illuminate\\Routing\\Middleware\\SubstituteBindings->handle()
#26 C:\\Users\\Admin\\Desktop\\facebook\\facebook\\vendor\\laravel\\framework\\src\\Illuminate\\Routing\\Middleware\\ThrottleRequests.php(126): Illuminate\\Pipeline\\Pipeline->Illuminate\\Pipeline\\{closure}()
#27 C:\\Users\\Admin\\Desktop\\facebook\\facebook\\vendor\\laravel\\framework\\src\\Illuminate\\Routing\\Middleware\\ThrottleRequests.php(102): Illuminate\\Routing\\Middleware\\ThrottleRequests->handleRequest()
#28 C:\\Users\\Admin\\Desktop\\facebook\\facebook\\vendor\\laravel\\framework\\src\\Illuminate\\Routing\\Middleware\\ThrottleRequests.php(54): Illuminate\\Routing\\Middleware\\ThrottleRequests->handleRequestUsingNamedLimiter()
#29 C:\\Users\\Admin\\Desktop\\facebook\\facebook\\vendor\\laravel\\framework\\src\\Illuminate\\Pipeline\\Pipeline.php(180): Illuminate\\Routing\\Middleware\\ThrottleRequests->handle()
#30 C:\\Users\\Admin\\Desktop\\facebook\\facebook\\vendor\\laravel\\framework\\src\\Illuminate\\Pipeline\\Pipeline.php(116): Illuminate\\Pipeline\\Pipeline->Illuminate\\Pipeline\\{closure}()
#31 C:\\Users\\Admin\\Desktop\\facebook\\facebook\\vendor\\laravel\\framework\\src\\Illuminate\\Routing\\Router.php(726): Illuminate\\Pipeline\\Pipeline->then()
#32 C:\\Users\\Admin\\Desktop\\facebook\\facebook\\vendor\\laravel\\framework\\src\\Illuminate\\Routing\\Router.php(703): Illuminate\\Routing\\Router->runRouteWithinStack()
#33 C:\\Users\\Admin\\Desktop\\facebook\\facebook\\vendor\\laravel\\framework\\src\\Illuminate\\Routing\\Router.php(667): Illuminate\\Routing\\Router->runRoute()
#34 C:\\Users\\Admin\\Desktop\\facebook\\facebook\\vendor\\laravel\\framework\\src\\Illuminate\\Routing\\Router.php(656): Illuminate\\Routing\\Router->dispatchToRoute()
#35 C:\\Users\\Admin\\Desktop\\facebook\\facebook\\vendor\\laravel\\framework\\src\\Illuminate\\Foundation\\Http\\Kernel.php(167): Illuminate\\Routing\\Router->dispatch()
#36 C:\\Users\\Admin\\Desktop\\facebook\\facebook\\vendor\\laravel\\framework\\src\\Illuminate\\Pipeline\\Pipeline.php(141): Illuminate\\Foundation\\Http\\Kernel->Illuminate\\Foundation\\Http\\{closure}()
#37 C:\\Users\\Admin\\Desktop\\facebook\\facebook\\vendor\\laravel\\framework\\src\\Illuminate\\Foundation\\Http\\Middleware\\TransformsRequest.php(21): Illuminate\\Pipeline\\Pipeline->Illuminate\\Pipeline\\{closure}()
#38 C:\\Users\\Admin\\Desktop\\facebook\\facebook\\vendor\\laravel\\framework\\src\\Illuminate\\Foundation\\Http\\Middleware\\ConvertEmptyStringsToNull.php(31): Illuminate\\Foundation\\Http\\Middleware\\TransformsRequest->handle()
#39 C:\\Users\\Admin\\Desktop\\facebook\\facebook\\vendor\\laravel\\framework\\src\\Illuminate\\Pipeline\\Pipeline.php(180): Illuminate\\Foundation\\Http\\Middleware\\ConvertEmptyStringsToNull->handle()
#40 C:\\Users\\Admin\\Desktop\\facebook\\facebook\\vendor\\laravel\\framework\\src\\Illuminate\\Foundation\\Http\\Middleware\\TransformsRequest.php(21): Illuminate\\Pipeline\\Pipeline->Illuminate\\Pipeline\\{closure}()
#41 C:\\Users\\Admin\\Desktop\\facebook\\facebook\\vendor\\laravel\\framework\\src\\Illuminate\\Foundation\\Http\\Middleware\\TrimStrings.php(40): Illuminate\\Foundation\\Http\\Middleware\\TransformsRequest->handle()
#42 C:\\Users\\Admin\\Desktop\\facebook\\facebook\\vendor\\laravel\\framework\\src\\Illuminate\\Pipeline\\Pipeline.php(180): Illuminate\\Foundation\\Http\\Middleware\\TrimStrings->handle()
#43 C:\\Users\\Admin\\Desktop\\facebook\\facebook\\vendor\\laravel\\framework\\src\\Illuminate\\Foundation\\Http\\Middleware\\ValidatePostSize.php(27): Illuminate\\Pipeline\\Pipeline->Illuminate\\Pipeline\\{closure}()
#44 C:\\Users\\Admin\\Desktop\\facebook\\facebook\\vendor\\laravel\\framework\\src\\Illuminate\\Pipeline\\Pipeline.php(180): Illuminate\\Foundation\\Http\\Middleware\\ValidatePostSize->handle()
#45 C:\\Users\\Admin\\Desktop\\facebook\\facebook\\vendor\\laravel\\framework\\src\\Illuminate\\Foundation\\Http\\Middleware\\PreventRequestsDuringMaintenance.php(86): Illuminate\\Pipeline\\Pipeline->Illuminate\\Pipeline\\{closure}()
#46 C:\\Users\\Admin\\Desktop\\facebook\\facebook\\vendor\\laravel\\framework\\src\\Illuminate\\Pipeline\\Pipeline.php(180): Illuminate\\Foundation\\Http\\Middleware\\PreventRequestsDuringMaintenance->handle()
#47 C:\\Users\\Admin\\Desktop\\facebook\\facebook\\vendor\\laravel\\framework\\src\\Illuminate\\Http\\Middleware\\HandleCors.php(62): Illuminate\\Pipeline\\Pipeline->Illuminate\\Pipeline\\{closure}()
#48 C:\\Users\\Admin\\Desktop\\facebook\\facebook\\vendor\\laravel\\framework\\src\\Illuminate\\Pipeline\\Pipeline.php(180): Illuminate\\Http\\Middleware\\HandleCors->handle()
#49 C:\\Users\\Admin\\Desktop\\facebook\\facebook\\vendor\\laravel\\framework\\src\\Illuminate\\Http\\Middleware\\TrustProxies.php(39): Illuminate\\Pipeline\\Pipeline->Illuminate\\Pipeline\\{closure}()
#50 C:\\Users\\Admin\\Desktop\\facebook\\facebook\\vendor\\laravel\\framework\\src\\Illuminate\\Pipeline\\Pipeline.php(180): Illuminate\\Http\\Middleware\\TrustProxies->handle()
#51 C:\\Users\\Admin\\Desktop\\facebook\\facebook\\vendor\\laravel\\framework\\src\\Illuminate\\Pipeline\\Pipeline.php(116): Illuminate\\Pipeline\\Pipeline->Illuminate\\Pipeline\\{closure}()
#52 C:\\Users\\Admin\\Desktop\\facebook\\facebook\\vendor\\laravel\\framework\\src\\Illuminate\\Foundation\\Http\\Kernel.php(142): Illuminate\\Pipeline\\Pipeline->then()
#53 C:\\Users\\Admin\\Desktop\\facebook\\facebook\\vendor\\laravel\\framework\\src\\Illuminate\\Foundation\\Http\\Kernel.php(111): Illuminate\\Foundation\\Http\\Kernel->sendRequestThroughRouter()
#54 C:\\Users\\Admin\\Desktop\\facebook\\facebook\\public\\index.php(52): Illuminate\\Foundation\\Http\\Kernel->handle()
#55 C:\\Users\\Admin\\Desktop\\facebook\\facebook\\vendor\\laravel\\framework\\src\\Illuminate\\Foundation\esources\\server.php(16): require_once('...')
#56 {main}

[previous exception] [object] (PDOException(code: 0): could not find driver at C:\\Users\\Admin\\Desktop\\facebook\\facebook\\vendor\\laravel\\framework\\src\\Illuminate\\Database\\Connectors\\Connector.php:70)
[stacktrace]
#0 C:\\Users\\Admin\\Desktop\\facebook\\facebook\\vendor\\laravel\\framework\\src\\Illuminate\\Database\\Connectors\\Connector.php(70): PDO->__construct()
#1 C:\\Users\\Admin\\Desktop\\facebook\\facebook\\vendor\\laravel\\framework\\src\\Illuminate\\Database\\Connectors\\Connector.php(46): Illuminate\\Database\\Connectors\\Connector->createPdoConnection()
#2 C:\\Users\\Admin\\Desktop\\facebook\\facebook\\vendor\\laravel\\framework\\src\\Illuminate\\Database\\Connectors\\MySqlConnector.php(24): Illuminate\\Database\\Connectors\\Connector->createConnection()
#3 C:\\Users\\Admin\\Desktop\\facebook\\facebook\\vendor\\laravel\\framework\\src\\Illuminate\\Database\\Connectors\\ConnectionFactory.php(184): Illuminate\\Database\\Connectors\\MySqlConnector->connect()
#4 [internal function]: Illuminate\\Database\\Connectors\\ConnectionFactory->Illuminate\\Database\\Connectors\\{closure}()
#5 C:\\Users\\Admin\\Desktop\\facebook\\facebook\\vendor\\laravel\\framework\\src\\Illuminate\\Database\\Connection.php(1084): call_user_func()
#6 C:\\Users\\Admin\\Desktop\\facebook\\facebook\\vendor\\laravel\\framework\\src\\Illuminate\\Database\\Connection.php(468): Illuminate\\Database\\Connection->getPdo()
#7 C:\\Users\\Admin\\Desktop\\facebook\\facebook\\vendor\\laravel\\framework\\src\\Illuminate\\Database\\Connection.php(396): Illuminate\\Database\\Connection->getPdoForSelect()
#8 C:\\Users\\Admin\\Desktop\\facebook\\facebook\\vendor\\laravel\\framework\\src\\Illuminate\\Database\\Connection.php(735): Illuminate\\Database\\Connection->Illuminate\\Database\\{closure}()
#9 C:\\Users\\Admin\\Desktop\\facebook\\facebook\\vendor\\laravel\\framework\\src\\Illuminate\\Database\\Connection.php(702): Illuminate\\Database\\Connection->runQueryCallback()
#10 C:\\Users\\Admin\\Desktop\\facebook\\facebook\\vendor\\laravel\\framework\\src\\Illuminate\\Database\\Connection.php(404): Illuminate\\Database\\Connection->run()
#11 C:\\Users\\Admin\\Desktop\\facebook\\facebook\\vendor\\laravel\\framework\\src\\Illuminate\\Database\\Query\\Builder.php(2630): Illuminate\\Database\\Connection->select()
#12 C:\\Users\\Admin\\Desktop\\facebook\\facebook\\vendor\\laravel\\framework\\src\\Illuminate\\Database\\Query\\Builder.php(2618): Illuminate\\Database\\Query\\Builder->runSelect()
#13 C:\\Users\\Admin\\Desktop\\facebook\\facebook\\vendor\\laravel\\framework\\src\\Illuminate\\Database\\Query\\Builder.php(3152): Illuminate\\Database\\Query\\Builder->Illuminate\\Database\\Query\\{closure}()
#14 C:\\Users\\Admin\\Desktop\\facebook\\facebook\\vendor\\laravel\\framework\\src\\Illuminate\\Database\\Query\\Builder.php(2619): Illuminate\\Database\\Query\\Builder->onceWithColumns()
#15 C:\\Users\\Admin\\Desktop\\facebook\\facebook\\vendor\\laravel\\framework\\src\\Illuminate\\Database\\Query\\Builder.php(3079): Illuminate\\Database\\Query\\Builder->get()
#16 C:\\Users\\Admin\\Desktop\\facebook\\facebook\\vendor\\laravel\\framework\\src\\Illuminate\\Database\\Query\\Builder.php(3007): Illuminate\\Database\\Query\\Builder->aggregate()
#17 C:\\Users\\Admin\\Desktop\\facebook\\facebook\\vendor\\laravel\\framework\\src\\Illuminate\\Validation\\DatabasePresenceVerifier.php(54): Illuminate\\Database\\Query\\Builder->count()
#18 C:\\Users\\Admin\\Desktop\\facebook\\facebook\\vendor\\laravel\\framework\\src\\Illuminate\\Validation\\Concerns\\ValidatesAttributes.php(864): Illuminate\\Validation\\DatabasePresenceVerifier->getCount()
#19 C:\\Users\\Admin\\Desktop\\facebook\\facebook\\vendor\\laravel\\framework\\src\\Illuminate\\Validation\\Validator.php(609): Illuminate\\Validation\\Validator->validateUnique()
#20 C:\\Users\\Admin\\Desktop\\facebook\\facebook\\vendor\\laravel\\framework\\src\\Illuminate\\Validation\\Validator.php(415): Illuminate\\Validation\\Validator->validateAttribute()
#21 C:\\Users\\Admin\\Desktop\\facebook\\facebook\\vendor\\laravel\\framework\\src\\Illuminate\\Validation\\Validator.php(446): Illuminate\\Validation\\Validator->passes()
#22 C:\\Users\\Admin\\Desktop\\facebook\\facebook\\vendor\\laravel\\framework\\src\\Illuminate\\Validation\\Validator.php(488): Illuminate\\Validation\\Validator->fails()
#23 C:\\Users\\Admin\\Desktop\\facebook\\facebook\\vendor\\laravel\\framework\\src\\Illuminate\\Validation\\Factory.php(145): Illuminate\\Validation\\Validator->validate()
#24 C:\\Users\\Admin\\Desktop\\facebook\\facebook\\vendor\\laravel\\framework\\src\\Illuminate\\Foundation\\Providers\\FoundationServiceProvider.php(66): Illuminate\\Validation\\Factory->validate()
#25 C:\\Users\\Admin\\Desktop\\facebook\\facebook\\vendor\\laravel\\framework\\src\\Illuminate\\Macroable\\Traits\\Macroable.php(124): Illuminate\\Http\\Request->Illuminate\\Foundation\\Providers\\{closure}()
#26 C:\\Users\\Admin\\Desktop\\facebook\\facebook\\app\\Http\\Controllers\\AuthController.php(60): Illuminate\\Http\\Request->__call()
#27 C:\\Users\\Admin\\Desktop\\facebook\\facebook\\vendor\\laravel\\framework\\src\\Illuminate\\Routing\\Controller.php(54): App\\Http\\Controllers\\AuthController->register()
#28 C:\\Users\\Admin\\Desktop\\facebook\\facebook\\vendor\\laravel\\framework\\src\\Illuminate\\Routing\\ControllerDispatcher.php(45): Illuminate\\Routing\\Controller->callAction()
#29 C:\\Users\\Admin\\Desktop\\facebook\\facebook\\vendor\\laravel\\framework\\src\\Illuminate\\Routing\\Route.php(261): Illuminate\\Routing\\ControllerDispatcher->dispatch()
#30 C:\\Users\\Admin\\Desktop\\facebook\\facebook\\vendor\\laravel\\framework\\src\\Illuminate\\Routing\\Route.php(204): Illuminate\\Routing\\Route->runController()
#31 C:\\Users\\Admin\\Desktop\\facebook\\facebook\\vendor\\laravel\\framework\\src\\Illuminate\\Routing\\Router.php(725): Illuminate\\Routing\\Route->run()
#32 C:\\Users\\Admin\\Desktop\\facebook\\facebook\\vendor\\laravel\\framework\\src\\Illuminate\\Pipeline\\Pipeline.php(141): Illuminate\\Routing\\Router->Illuminate\\Routing\\{closure}()
#33 C:\\Users\\Admin\\Desktop\\facebook\\facebook\\vendor\\laravel\\framework\\src\\Illuminate\\Routing\\Middleware\\SubstituteBindings.php(50): Illuminate\\Pipeline\\Pipeline->Illuminate\\Pipeline\\{closure}()
#34 C:\\Users\\Admin\\Desktop\\facebook\\facebook\\vendor\\laravel\\framework\\src\\Illuminate\\Pipeline\\Pipeline.php(180): Illuminate\\Routing\\Middleware\\SubstituteBindings->handle()
#35 C:\\Users\\Admin\\Desktop\\facebook\\facebook\\vendor\\laravel\\framework\\src\\Illuminate\\Routing\\Middleware\\ThrottleRequests.php(126): Illuminate\\Pipeline\\Pipeline->Illuminate\\Pipeline\\{closure}()
#36 C:\\Users\\Admin\\Desktop\\facebook\\facebook\\vendor\\laravel\\framework\\src\\Illuminate\\Routing\\Middleware\\ThrottleRequests.php(102): Illuminate\\Routing\\Middleware\\ThrottleRequests->handleRequest()
#37 C:\\Users\\Admin\\Desktop\\facebook\\facebook\\vendor\\laravel\\framework\\src\\Illuminate\\Routing\\Middleware\\ThrottleRequests.php(54): Illuminate\\Routing\\Middleware\\ThrottleRequests->handleRequestUsingNamedLimiter()
#38 C:\\Users\\Admin\\Desktop\\facebook\\facebook\\vendor\\laravel\\framework\\src\\Illuminate\\Pipeline\\Pipeline.php(180): Illuminate\\Routing\\Middleware\\ThrottleRequests->handle()
#39 C:\\Users\\Admin\\Desktop\\facebook\\facebook\\vendor\\laravel\\framework\\src\\Illuminate\\Pipeline\\Pipeline.php(116): Illuminate\\Pipeline\\Pipeline->Illuminate\\Pipeline\\{closure}()
#40 C:\\Users\\Admin\\Desktop\\facebook\\facebook\\vendor\\laravel\\framework\\src\\Illuminate\\Routing\\Router.php(726): Illuminate\\Pipeline\\Pipeline->then()
#41 C:\\Users\\Admin\\Desktop\\facebook\\facebook\\vendor\\laravel\\framework\\src\\Illuminate\\Routing\\Router.php(703): Illuminate\\Routing\\Router->runRouteWithinStack()
#42 C:\\Users\\Admin\\Desktop\\facebook\\facebook\\vendor\\laravel\\framework\\src\\Illuminate\\Routing\\Router.php(667): Illuminate\\Routing\\Router->runRoute()
#43 C:\\Users\\Admin\\Desktop\\facebook\\facebook\\vendor\\laravel\\framework\\src\\Illuminate\\Routing\\Router.php(656): Illuminate\\Routing\\Router->dispatchToRoute()
#44 C:\\Users\\Admin\\Desktop\\facebook\\facebook\\vendor\\laravel\\framework\\src\\Illuminate\\Foundation\\Http\\Kernel.php(167): Illuminate\\Routing\\Router->dispatch()
#45 C:\\Users\\Admin\\Desktop\\facebook\\facebook\\vendor\\laravel\\framework\\src\\Illuminate\\Pipeline\\Pipeline.php(141): Illuminate\\Foundation\\Http\\Kernel->Illuminate\\Foundation\\Http\\{closure}()
#46 C:\\Users\\Admin\\Desktop\\facebook\\facebook\\vendor\\laravel\\framework\\src\\Illuminate\\Foundation\\Http\\Middleware\\TransformsRequest.php(21): Illuminate\\Pipeline\\Pipeline->Illuminate\\Pipeline\\{closure}()
#47 C:\\Users\\Admin\\Desktop\\facebook\\facebook\\vendor\\laravel\\framework\\src\\Illuminate\\Foundation\\Http\\Middleware\\ConvertEmptyStringsToNull.php(31): Illuminate\\Foundation\\Http\\Middleware\\TransformsRequest->handle()
#48 C:\\Users\\Admin\\Desktop\\facebook\\facebook\\vendor\\laravel\\framework\\src\\Illuminate\\Pipeline\\Pipeline.php(180): Illuminate\\Foundation\\Http\\Middleware\\ConvertEmptyStringsToNull->handle()
#49 C:\\Users\\Admin\\Desktop\\facebook\\facebook\\vendor\\laravel\\framework\\src\\Illuminate\\Foundation\\Http\\Middleware\\TransformsRequest.php(21): Illuminate\\Pipeline\\Pipeline->Illuminate\\Pipeline\\{closure}()
#50 C:\\Users\\Admin\\Desktop\\facebook\\facebook\\vendor\\laravel\\framework\\src\\Illuminate\\Foundation\\Http\\Middleware\\TrimStrings.php(40): Illuminate\\Foundation\\Http\\Middleware\\TransformsRequest->handle()
#51 C:\\Users\\Admin\\Desktop\\facebook\\facebook\\vendor\\laravel\\framework\\src\\Illuminate\\Pipeline\\Pipeline.php(180): Illuminate\\Foundation\\Http\\Middleware\\TrimStrings->handle()
#52 C:\\Users\\Admin\\Desktop\\facebook\\facebook\\vendor\\laravel\\framework\\src\\Illuminate\\Foundation\\Http\\Middleware\\ValidatePostSize.php(27): Illuminate\\Pipeline\\Pipeline->Illuminate\\Pipeline\\{closure}()
#53 C:\\Users\\Admin\\Desktop\\facebook\\facebook\\vendor\\laravel\\framework\\src\\Illuminate\\Pipeline\\Pipeline.php(180): Illuminate\\Foundation\\Http\\Middleware\\ValidatePostSize->handle()
#54 C:\\Users\\Admin\\Desktop\\facebook\\facebook\\vendor\\laravel\\framework\\src\\Illuminate\\Foundation\\Http\\Middleware\\PreventRequestsDuringMaintenance.php(86): Illuminate\\Pipeline\\Pipeline->Illuminate\\Pipeline\\{closure}()
#55 C:\\Users\\Admin\\Desktop\\facebook\\facebook\\vendor\\laravel\\framework\\src\\Illuminate\\Pipeline\\Pipeline.php(180): Illuminate\\Foundation\\Http\\Middleware\\PreventRequestsDuringMaintenance->handle()
#56 C:\\Users\\Admin\\Desktop\\facebook\\facebook\\vendor\\laravel\\framework\\src\\Illuminate\\Http\\Middleware\\HandleCors.php(62): Illuminate\\Pipeline\\Pipeline->Illuminate\\Pipeline\\{closure}()
#57 C:\\Users\\Admin\\Desktop\\facebook\\facebook\\vendor\\laravel\\framework\\src\\Illuminate\\Pipeline\\Pipeline.php(180): Illuminate\\Http\\Middleware\\HandleCors->handle()
#58 C:\\Users\\Admin\\Desktop\\facebook\\facebook\\vendor\\laravel\\framework\\src\\Illuminate\\Http\\Middleware\\TrustProxies.php(39): Illuminate\\Pipeline\\Pipeline->Illuminate\\Pipeline\\{closure}()
#59 C:\\Users\\Admin\\Desktop\\facebook\\facebook\\vendor\\laravel\\framework\\src\\Illuminate\\Pipeline\\Pipeline.php(180): Illuminate\\Http\\Middleware\\TrustProxies->handle()
#60 C:\\Users\\Admin\\Desktop\\facebook\\facebook\\vendor\\laravel\\framework\\src\\Illuminate\\Pipeline\\Pipeline.php(116): Illuminate\\Pipeline\\Pipeline->Illuminate\\Pipeline\\{closure}()
#61 C:\\Users\\Admin\\Desktop\\facebook\\facebook\\vendor\\laravel\\framework\\src\\Illuminate\\Foundation\\Http\\Kernel.php(142): Illuminate\\Pipeline\\Pipeline->then()
#62 C:\\Users\\Admin\\Desktop\\facebook\\facebook\\vendor\\laravel\\framework\\src\\Illuminate\\Foundation\\Http\\Kernel.php(111): Illuminate\\Foundation\\Http\\Kernel->sendRequestThroughRouter()
#63 C:\\Users\\Admin\\Desktop\\facebook\\facebook\\public\\index.php(52): Illuminate\\Foundation\\Http\\Kernel->handle()
#64 C:\\Users\\Admin\\Desktop\\facebook\\facebook\\vendor\\laravel\\framework\\src\\Illuminate\\Foundation\esources\\server.php(16): require_once('...')
#65 {main}
"} 
